2023-09-13 10:43:30,685 INFO  [main] Initializing WebDriver
2023-09-13 10:43:34,832 INFO  [main] Initializing WebDriver
2023-09-13 10:43:34,836 INFO  [main] Initializing WebDriver
2023-09-13 10:43:36,721 INFO  [main] Clicking on element jira.loginPage.continueButton
2023-09-13 10:43:37,613 INFO  [main] Clicking on element jira.loginPage.logInButton
2023-09-13 10:43:40,875 INFO  [main] Clicking on element jira.startPage.jiraSoftware
2023-09-13 10:43:45,064 INFO  [main] Clicking on element jira.startPage.clickOnProject
2023-09-13 10:43:45,469 INFO  [main] Initializing WebDriver
2023-09-13 10:43:46,339 INFO  [main] Clicking on element jira.createIssueButton
2023-09-13 10:43:52,209 INFO  [main] Clicking on element jira.createIssueBox.issueType
2023-09-13 10:43:53,530 INFO  [main] Clicking on element jira.createIssueBox.Priority
2023-09-13 10:43:58,041 INFO  [main] Clicking on element jira.createIssueBox.createButton
2023-09-13 10:43:59,364 INFO  [main] Initializing WebDriver
2023-09-13 10:43:59,470 INFO  [main] Clicking on element //button[@data-testid='platform.ui.flags.common.ui.common-flag-v2-dismiss']
2023-09-13 10:43:59,535 INFO  [main] Initializing WebDriver
2023-09-13 10:43:59,535 INFO  [main] Initializing WebDriver
2023-09-13 10:43:59,661 INFO  [main] Clicking on element jira.createIssueButton
2023-09-13 10:44:02,253 INFO  [main] Clicking on element jira.createIssueBox.issueType
2023-09-13 10:44:03,551 INFO  [main] Clicking on element jira.createIssueBox.Priority
2023-09-13 10:44:10,455 INFO  [main] Clicking on element jira.createIssueBox.createButton
2023-09-13 10:44:11,581 INFO  [main] Initializing WebDriver
2023-09-13 10:44:11,679 INFO  [main] Clicking on element //button[@data-testid='platform.ui.flags.common.ui.common-flag-v2-dismiss']
2023-09-13 10:44:11,740 INFO  [main] Quitting WebDriver
